06/05/2022 12:12:36 AM: INFO: ************Test_001_login running****************
06/05/2022 12:12:36 AM: INFO: ************** test_login is going to check********
06/05/2022 12:13:35 AM: INFO: ************Test_001_login running****************
06/05/2022 12:13:35 AM: INFO: ************** test_login is going to check********
06/05/2022 12:18:57 AM: INFO: ************Test_001_login running****************
06/05/2022 12:18:57 AM: INFO: ************** test_login is going to check********
06/05/2022 12:21:47 AM: INFO: ************Test_001_login running****************
06/05/2022 12:21:47 AM: INFO: ************** test_login is going to check********
06/05/2022 12:28:33 AM: INFO: ************Test_001_login running****************
06/05/2022 12:28:33 AM: INFO: ************** test_login is going to check********
06/05/2022 12:33:26 AM: INFO: ************Test_001_login running****************
06/05/2022 12:33:26 AM: INFO: ************** test_login is going to check********
06/05/2022 12:40:53 AM: INFO: ************Test_001_login running****************
06/05/2022 12:40:53 AM: INFO: ************** test_login is going to check********
06/05/2022 12:42:40 AM: INFO: ************Test_001_login running****************
06/05/2022 12:42:40 AM: INFO: ************** test_login is going to check********
06/05/2022 12:51:13 AM: INFO: ************Test_001_login running****************
06/05/2022 12:51:13 AM: INFO: ************** test_login is going to check********
06/05/2022 12:51:21 AM: INFO: **************successfully entered into url************
06/05/2022 12:54:21 AM: INFO: ************Test_001_login running****************
06/05/2022 12:54:21 AM: INFO: ************** test_login is going to check********
06/05/2022 12:54:30 AM: INFO: **************successfully entered into url************
06/05/2022 12:55:54 AM: INFO: ************Test_001_login running****************
06/05/2022 12:55:54 AM: INFO: ************** test_login is going to check********
06/05/2022 12:56:03 AM: INFO: **************successfully entered into url************
06/05/2022 12:59:59 AM: INFO: ************Test_001_login running****************
06/05/2022 12:59:59 AM: INFO: ************** test_login is going to check********
06/05/2022 01:00:07 AM: INFO: **************successfully entered into url************
06/05/2022 01:02:01 AM: INFO: ************Test_001_login running****************
06/05/2022 01:02:01 AM: INFO: ************** test_login is going to check********
06/05/2022 01:02:09 AM: INFO: **************successfully entered into url************
06/05/2022 01:02:13 AM: INFO: **************successful login ************* 
06/05/2022 01:02:13 AM: INFO: ************test_login got some problem soo test has failed 
06/05/2022 01:09:40 AM: INFO: ************Test_001_login running****************
06/05/2022 01:09:40 AM: INFO: ************** test_login is going to check********
06/05/2022 01:09:48 AM: INFO: **************successfully entered into url************
06/05/2022 01:09:52 AM: INFO: **************successful login ************* 
06/05/2022 01:15:14 AM: INFO: ************Test_001_login running****************
06/05/2022 01:15:14 AM: INFO: ************** test_login is going to check********
06/05/2022 01:15:23 AM: INFO: **************successfully entered into url************
06/05/2022 01:15:26 AM: INFO: **************successful login ************* 
06/05/2022 01:15:28 AM: INFO: **************successfully passed the test
06/05/2022 10:07:36 AM: INFO: ************Test_001_login running****************
06/05/2022 10:07:36 AM: INFO: ************** test_login is going to check********
06/05/2022 10:07:46 AM: INFO: **************successfully entered into url************
06/05/2022 10:07:49 AM: INFO: **************successful login ************* 
06/05/2022 10:07:51 AM: INFO: **************successfully passed the test
06/05/2022 10:53:36 AM: INFO: *********failed********
06/05/2022 10:53:36 AM: INFO: Login DDT Test is failed
06/05/2022 10:59:13 AM: INFO: *********failed********
06/05/2022 10:59:13 AM: INFO: Login DDT Test is failed
06/05/2022 11:00:33 AM: INFO: *********passed********
06/05/2022 11:00:34 AM: INFO: Login DDT Test is passed
06/05/2022 11:00:34 AM: INFO: *************end of login ddt test case
06/05/2022 11:00:34 AM: INFO: ******************** completed Test_002_Login_DDT
06/05/2022 11:06:18 AM: INFO: *********failed********
06/05/2022 11:06:18 AM: INFO: Login DDT Test is failed
06/05/2022 11:08:15 AM: INFO: *********passed********
06/05/2022 11:08:16 AM: INFO: Login DDT Test is passed
06/05/2022 11:08:16 AM: INFO: *************end of login ddt test case
06/05/2022 11:08:16 AM: INFO: ******************** completed Test_002_Login_DDT
06/05/2022 11:14:30 AM: INFO: *********passed********
06/05/2022 11:14:31 AM: INFO: Login DDT Test is passed
06/05/2022 11:14:31 AM: INFO: *************end of login ddt test case
06/05/2022 11:14:31 AM: INFO: ******************** completed Test_002_Login_DDT
06/05/2022 11:22:04 AM: INFO: *********passed********
06/05/2022 11:22:05 AM: INFO: Login DDT Test is passed
06/05/2022 11:22:05 AM: INFO: *************end of login ddt test case
06/05/2022 11:22:05 AM: INFO: ******************** completed Test_002_Login_DDT
06/07/2022 09:41:14 AM: INFO: *************started test_login_by_DDT************* 
06/07/2022 09:41:14 AM: INFO: ************running for loop***********
06/07/2022 09:41:19 AM: INFO: *********passed********
06/07/2022 09:41:20 AM: INFO: Login DDT Test is passed
06/07/2022 09:41:24 AM: INFO: *************end of login ddt test case
06/07/2022 09:41:24 AM: INFO: ******************** completed Test_002_Login_DDT
06/07/2022 09:41:24 AM: INFO: *************started test_login_by_DDT************* 
06/07/2022 09:41:24 AM: INFO: ************running for loop***********
06/07/2022 09:44:56 AM: INFO: *************started test_login_by_DDT************* 
06/07/2022 09:44:56 AM: INFO: ************running for loop***********
06/07/2022 09:53:17 AM: INFO: *************started test_login_by_DDT************* 
06/07/2022 09:53:17 AM: INFO: ************running for loop***********
06/07/2022 09:54:58 AM: INFO: *************started test_login_by_DDT************* 
06/07/2022 09:54:58 AM: INFO: ************running for loop***********
06/07/2022 09:55:49 AM: INFO: *************started test_login_by_DDT************* 
06/07/2022 09:55:49 AM: INFO: ************running for loop***********
06/07/2022 09:57:19 AM: INFO: *************started test_login_by_DDT************* 
06/07/2022 09:57:19 AM: INFO: ************running for loop***********
06/07/2022 09:58:25 AM: INFO: *************started test_login_by_DDT************* 
06/07/2022 09:58:25 AM: INFO: ************running for loop***********
06/07/2022 09:58:30 AM: INFO: *************end of login ddt test case
06/07/2022 09:58:30 AM: INFO: ******************** completed Test_002_Login_DDT
06/07/2022 03:15:39 PM: INFO: ************Test_001_login running****************
06/07/2022 03:15:39 PM: INFO: ************** test_login is going to check********
06/07/2022 03:15:45 PM: INFO: **************successfully entered into url************
06/07/2022 03:15:49 PM: INFO: **************successful login ************* 
06/07/2022 03:15:50 PM: INFO: **************successfully passed the test
06/07/2022 03:41:55 PM: INFO: *************started test_login_by_DDT************* 
06/07/2022 03:41:59 PM: INFO: *************end of login ddt test case
06/07/2022 03:41:59 PM: INFO: ******************** completed Test_002_Login_DDT
06/07/2022 09:56:23 PM: INFO: ************Test_001_login running****************
06/07/2022 09:56:23 PM: INFO: ************** test_login is going to check********
06/07/2022 09:56:32 PM: INFO: **************successfully entered into url************
06/07/2022 09:56:37 PM: INFO: **************successful login ************* 
06/07/2022 09:57:03 PM: INFO: ************Test_001_login running****************
06/07/2022 09:57:03 PM: INFO: ************** test_login is going to check********
06/07/2022 09:57:09 PM: INFO: **************successfully entered into url************
06/07/2022 09:57:12 PM: INFO: **************successful login ************* 
06/07/2022 10:23:25 PM: INFO: ************Test_001_login running****************
06/07/2022 10:23:25 PM: INFO: ************** test_login is going to check********
06/07/2022 10:23:34 PM: INFO: **************successfully entered into url************
06/07/2022 10:23:38 PM: INFO: **************successful login ************* 
06/07/2022 10:24:52 PM: INFO: ************Test_001_login running****************
06/07/2022 10:24:52 PM: INFO: ************** test_login is going to check********
06/07/2022 10:25:02 PM: INFO: **************successfully entered into url************
06/07/2022 10:25:05 PM: INFO: **************successful login ************* 
06/07/2022 10:29:52 PM: INFO: ************Test_001_login running****************
06/07/2022 10:29:52 PM: INFO: ************** test_login is going to check********
06/07/2022 10:29:59 PM: INFO: **************successfully entered into url************
06/07/2022 10:30:02 PM: INFO: **************successful login ************* 
06/07/2022 10:33:20 PM: INFO: ************Test_001_login running****************
06/07/2022 10:33:20 PM: INFO: ************** test_login is going to check********
06/07/2022 10:33:29 PM: INFO: **************successfully entered into url************
06/07/2022 10:33:33 PM: INFO: **************successful login ************* 
06/07/2022 10:34:25 PM: INFO: ************Test_001_login running****************
06/07/2022 10:34:25 PM: INFO: ************** test_login is going to check********
06/07/2022 10:34:33 PM: INFO: **************successfully entered into url************
06/07/2022 10:34:38 PM: INFO: **************successful login ************* 
06/07/2022 10:39:04 PM: INFO: ************Test_001_login running****************
06/07/2022 10:39:04 PM: INFO: ************** test_login is going to check********
06/07/2022 10:39:13 PM: INFO: **************successfully entered into url************
06/07/2022 10:39:17 PM: INFO: **************successful login ************* 
06/07/2022 10:46:32 PM: INFO: ************Test_001_login running****************
06/07/2022 10:46:32 PM: INFO: ************** test_login is going to check********
06/07/2022 10:46:48 PM: INFO: **************successfully entered into url************
06/07/2022 10:46:49 PM: INFO: **************successful login ************* 
06/07/2022 10:47:06 PM: INFO: ************Test_001_login running****************
06/07/2022 10:47:06 PM: INFO: ************** test_login is going to check********
06/07/2022 10:47:16 PM: INFO: **************successfully entered into url************
06/07/2022 10:47:19 PM: INFO: **************successful login ************* 
06/07/2022 10:53:35 PM: INFO: ************Test_001_login running****************
06/07/2022 10:53:35 PM: INFO: ************** test_login is going to check********
06/07/2022 10:53:43 PM: INFO: **************successfully entered into url************
06/07/2022 10:53:46 PM: INFO: **************successful login ************* 
06/07/2022 10:54:08 PM: INFO: ************Test_001_login running****************
06/07/2022 10:54:08 PM: INFO: ************** test_login is going to check********
06/07/2022 10:54:16 PM: INFO: **************successfully entered into url************
06/07/2022 10:54:19 PM: INFO: **************successful login ************* 
06/07/2022 11:05:36 PM: INFO: ************Test_001_login running****************
06/07/2022 11:05:36 PM: INFO: ************** test_login is going to check********
06/07/2022 11:05:44 PM: INFO: **************successfully entered into url************
06/07/2022 11:05:47 PM: INFO: **************successful login ************* 
06/07/2022 11:06:41 PM: INFO: ************Test_001_login running****************
06/07/2022 11:06:41 PM: INFO: ************** test_login is going to check********
06/07/2022 11:06:53 PM: INFO: **************successfully entered into url************
06/07/2022 11:06:56 PM: INFO: **************successful login ************* 
06/07/2022 11:08:29 PM: INFO: ************Test_001_login running****************
06/07/2022 11:08:29 PM: INFO: ************** test_login is going to check********
06/07/2022 11:08:38 PM: INFO: **************successfully entered into url************
06/07/2022 11:08:42 PM: INFO: **************successful login ************* 
06/07/2022 11:15:05 PM: INFO: ************Test_001_login running****************
06/07/2022 11:15:05 PM: INFO: ************** test_login is going to check********
06/07/2022 11:15:14 PM: INFO: **************successfully entered into url************
06/07/2022 11:15:14 PM: INFO: **************successful login ************* 
06/07/2022 11:16:55 PM: INFO: ************Test_001_login running****************
06/07/2022 11:16:55 PM: INFO: ************** test_login is going to check********
06/07/2022 11:17:05 PM: INFO: **************successfully entered into url************
06/07/2022 11:17:05 PM: INFO: **************successful login ************* 
06/07/2022 11:18:20 PM: INFO: ************Test_001_login running****************
06/07/2022 11:18:20 PM: INFO: ************** test_login is going to check********
06/07/2022 11:18:31 PM: INFO: **************successfully entered into url************
06/07/2022 11:18:31 PM: INFO: **************successful login ************* 
06/07/2022 11:21:10 PM: INFO: ************Test_001_login running****************
06/07/2022 11:21:10 PM: INFO: ************** test_login is going to check********
06/07/2022 11:21:16 PM: INFO: **************successfully entered into url************
06/07/2022 11:21:16 PM: INFO: **************successful login ************* 
06/08/2022 12:12:01 PM: INFO: ************Test_001_login running****************
06/08/2022 12:12:01 PM: INFO: ************** test_login is going to check********
06/08/2022 12:12:11 PM: INFO: **************successfully entered into url************
06/08/2022 12:12:11 PM: INFO: **************successful login ************* 
06/08/2022 12:15:38 PM: INFO: ************Test_001_login running****************
06/08/2022 12:15:38 PM: INFO: ************** test_login is going to check********
06/08/2022 12:15:46 PM: INFO: **************successfully entered into url************
06/08/2022 12:15:46 PM: INFO: **************successful login ************* 
06/08/2022 12:24:11 PM: INFO: ************Test_001_login running****************
06/08/2022 12:24:11 PM: INFO: ************** test_login is going to check********
06/08/2022 12:24:19 PM: INFO: **************successfully entered into url************
06/08/2022 12:24:19 PM: INFO: **************successful login ************* 
06/08/2022 12:25:39 PM: INFO: ************Test_001_login running****************
06/08/2022 12:25:39 PM: INFO: ************** test_login is going to check********
06/08/2022 12:25:46 PM: INFO: **************successfully entered into url************
06/08/2022 12:26:16 PM: INFO: ************Test_001_login running****************
06/08/2022 12:26:16 PM: INFO: ************** test_login is going to check********
06/08/2022 12:26:25 PM: INFO: **************successfully entered into url************
06/08/2022 12:26:29 PM: INFO: **************successful login ************* 
06/09/2022 12:08:23 PM: INFO: ************Test_001_login running****************
06/09/2022 12:08:23 PM: INFO: ************** test_login is going to check********
06/09/2022 12:08:35 PM: INFO: **************successfully entered into url************
06/09/2022 12:08:39 PM: INFO: **************successful login ************* 
06/09/2022 12:09:37 PM: INFO: ************Test_001_login running****************
06/09/2022 12:09:37 PM: INFO: ************** test_login is going to check********
06/09/2022 12:09:51 PM: INFO: **************successfully entered into url************
06/09/2022 12:09:55 PM: INFO: **************successful login ************* 
06/09/2022 12:11:44 PM: INFO: ************Test_001_login running****************
06/09/2022 12:11:44 PM: INFO: ************** test_login is going to check********
06/09/2022 12:11:54 PM: INFO: **************successfully entered into url************
06/09/2022 12:11:58 PM: INFO: **************successful login ************* 
06/09/2022 12:14:02 PM: INFO: ************Test_001_login running****************
06/09/2022 12:14:02 PM: INFO: ************** test_login is going to check********
06/09/2022 12:14:10 PM: INFO: **************successfully entered into url************
06/09/2022 12:14:14 PM: INFO: **************successful login ************* 
06/09/2022 12:14:36 PM: INFO: ************Test_001_login running****************
06/09/2022 12:14:36 PM: INFO: ************** test_login is going to check********
06/09/2022 12:14:44 PM: INFO: **************successfully entered into url************
06/09/2022 12:14:48 PM: INFO: **************successful login ************* 
06/09/2022 12:15:51 PM: INFO: ************Test_001_login running****************
06/09/2022 12:15:51 PM: INFO: ************** test_login is going to check********
06/09/2022 12:16:01 PM: INFO: **************successfully entered into url************
06/09/2022 12:16:05 PM: INFO: **************successful login ************* 
06/09/2022 12:27:12 PM: INFO: ************Test_001_login running****************
06/09/2022 12:27:12 PM: INFO: ************** test_login is going to check********
06/09/2022 12:27:22 PM: INFO: **************successfully entered into url************
06/09/2022 12:27:26 PM: INFO: **************successful login ************* 
06/09/2022 12:27:39 PM: INFO: **************successfully passed the test
06/09/2022 12:41:41 PM: INFO: ************Test_001_login running****************
06/09/2022 12:41:41 PM: INFO: ************** test_login is going to check********
06/09/2022 12:41:46 PM: INFO: **************successfully entered into url************
06/09/2022 12:42:10 PM: INFO: ************Test_001_login running****************
06/09/2022 12:42:10 PM: INFO: ************** test_login is going to check********
06/09/2022 12:42:22 PM: INFO: **************successfully entered into url************
06/09/2022 12:42:25 PM: INFO: **************successful login ************* 
06/09/2022 12:42:25 PM: INFO: **************successfully grabbed add customer page 
06/09/2022 12:42:34 PM: INFO: added all information about customer. 
06/09/2022 01:15:27 PM: INFO: ************Test_001_login running****************
06/09/2022 01:15:27 PM: INFO: ************** test_login is going to check********
06/09/2022 01:15:35 PM: INFO: **************successfully entered into url************
06/09/2022 01:15:39 PM: INFO: **************successful login ************* 
06/09/2022 01:15:39 PM: INFO: **************successfully grabbed add customer page 
06/09/2022 01:15:48 PM: INFO: added all information about customer. 
06/09/2022 01:16:19 PM: INFO: ************Test_001_login running****************
06/09/2022 01:16:19 PM: INFO: ************** test_login is going to check********
06/09/2022 01:16:27 PM: INFO: **************successfully entered into url************
06/09/2022 01:16:30 PM: INFO: **************successful login ************* 
06/09/2022 01:16:31 PM: INFO: **************successfully grabbed add customer page 
06/09/2022 01:16:39 PM: INFO: added all information about customer. 
06/09/2022 01:18:02 PM: INFO: ************Test_001_login running****************
06/09/2022 01:18:02 PM: INFO: ************** test_login is going to check********
06/09/2022 01:18:11 PM: INFO: **************successfully entered into url************
06/09/2022 01:18:13 PM: INFO: **************successful login ************* 
06/09/2022 01:18:15 PM: INFO: **************successfully grabbed add customer page 
06/09/2022 01:18:20 PM: INFO: added all information about customer. 
06/09/2022 01:18:53 PM: INFO: ************Test_001_login running****************
06/09/2022 01:18:53 PM: INFO: ************** test_login is going to check********
06/09/2022 01:18:59 PM: INFO: **************successfully entered into url************
06/09/2022 01:19:03 PM: INFO: **************successful login ************* 
06/09/2022 01:19:03 PM: INFO: **************successfully grabbed add customer page 
06/09/2022 01:19:12 PM: INFO: added all information about customer. 
06/09/2022 01:21:43 PM: INFO: ************Test_001_login running****************
06/09/2022 01:21:43 PM: INFO: ************** test_login is going to check********
06/09/2022 01:21:57 PM: INFO: **************successfully entered into url************
06/09/2022 01:22:01 PM: INFO: **************successful login ************* 
06/09/2022 01:22:01 PM: INFO: **************successfully grabbed add customer page 
06/09/2022 01:22:21 PM: INFO: added all information about customer. 
06/09/2022 01:23:59 PM: INFO: ************Test_001_login running****************
06/09/2022 01:23:59 PM: INFO: ************** test_login is going to check********
06/09/2022 01:24:20 PM: INFO: **************successfully entered into url************
06/09/2022 01:24:24 PM: INFO: **************successful login ************* 
06/09/2022 01:24:24 PM: INFO: **************successfully grabbed add customer page 
06/09/2022 01:28:58 PM: INFO: ************Test_001_login running****************
06/09/2022 01:28:58 PM: INFO: ************** test_login is going to check********
06/09/2022 01:29:07 PM: INFO: **************successfully entered into url************
06/09/2022 01:29:10 PM: INFO: **************successful login ************* 
06/09/2022 01:29:10 PM: INFO: **************successfully grabbed add customer page 
06/09/2022 01:29:19 PM: INFO: added all information about customer. 
06/09/2022 01:29:32 PM: INFO: ************Test_001_login running****************
06/09/2022 01:29:32 PM: INFO: ************** test_login is going to check********
06/09/2022 01:29:39 PM: INFO: **************successfully entered into url************
06/09/2022 01:29:43 PM: INFO: **************successful login ************* 
06/09/2022 01:29:43 PM: INFO: **************successfully grabbed add customer page 
06/09/2022 01:29:52 PM: INFO: added all information about customer. 
06/09/2022 01:38:12 PM: INFO: ************Test_001_login running****************
06/09/2022 01:38:12 PM: INFO: ************** test_login is going to check********
06/09/2022 01:38:28 PM: INFO: **************successfully entered into url************
06/09/2022 01:38:33 PM: INFO: **************successful login ************* 
06/09/2022 01:38:33 PM: INFO: **************successfully grabbed add customer page 
06/09/2022 01:38:42 PM: INFO: added all information about customer. 
06/09/2022 01:39:49 PM: INFO: ************Test_001_login running****************
06/09/2022 01:39:49 PM: INFO: ************** test_login is going to check********
06/09/2022 01:39:55 PM: INFO: **************successfully entered into url************
06/09/2022 01:40:00 PM: INFO: **************successful login ************* 
06/09/2022 01:40:00 PM: INFO: **************successfully grabbed add customer page 
06/09/2022 01:40:11 PM: INFO: added all information about customer. 
06/09/2022 01:40:20 PM: INFO: **************successfully passed the test
06/09/2022 01:45:59 PM: INFO: ************Test_001_login running****************
06/09/2022 01:45:59 PM: INFO: ************** test_login is going to check********
06/09/2022 01:46:08 PM: INFO: **************successfully entered into url************
06/09/2022 01:46:11 PM: INFO: **************successful login ************* 
06/09/2022 01:46:11 PM: INFO: **************successfully grabbed add customer page 
06/09/2022 01:46:22 PM: INFO: added all information about customer. 
06/09/2022 01:46:22 PM: INFO: customer id is created 
06/09/2022 01:46:25 PM: INFO: **************creating account and  making deposit 
06/09/2022 01:46:30 PM: INFO: **************successfully passed the test
06/09/2022 01:56:31 PM: INFO: ************Test_001_login running****************
06/09/2022 01:56:31 PM: INFO: ************** test_login is going to check********
06/09/2022 01:56:38 PM: INFO: **************successfully entered into url************
06/09/2022 01:56:42 PM: INFO: **************successful login ************* 
06/09/2022 01:56:42 PM: INFO: **************successfully grabbed add customer page 
06/09/2022 01:56:51 PM: INFO: added all information about customer. 
06/09/2022 01:56:51 PM: INFO: customer id is created 
06/09/2022 01:56:53 PM: INFO: **************creating account and  making deposit 
06/09/2022 01:56:56 PM: INFO: **************successfully passed the test
06/09/2022 02:03:40 PM: INFO: ************Test_001_login running****************
06/09/2022 02:03:40 PM: INFO: ************** test_login is going to check********
06/09/2022 02:03:49 PM: INFO: **************successfully entered into url************
06/09/2022 02:03:52 PM: INFO: **************successful login ************* 
06/09/2022 02:04:49 PM: INFO: ************Test_001_login running****************
06/09/2022 02:04:49 PM: INFO: ************** test_login is going to check********
06/09/2022 02:04:57 PM: INFO: **************successfully entered into url************
06/09/2022 02:05:01 PM: INFO: **************successful login ************* 
06/09/2022 02:12:52 PM: INFO: ************Test_001_login running****************
06/09/2022 02:12:52 PM: INFO: ************** test_login is going to check********
06/09/2022 02:13:01 PM: INFO: **************successfully entered into url************
06/09/2022 02:13:04 PM: INFO: **************successful login ************* 
06/09/2022 02:13:04 PM: INFO: **************successfully grabbed add customer page 
06/09/2022 02:13:12 PM: INFO: added all information about customer. 
06/09/2022 02:13:13 PM: INFO: customer id is created 
06/09/2022 02:13:14 PM: INFO: **************creating account and  making deposit 
06/09/2022 02:16:10 PM: INFO: ************Test_001_login running****************
06/09/2022 02:16:10 PM: INFO: ************** test_login is going to check********
06/09/2022 02:16:21 PM: INFO: **************successfully entered into url************
06/09/2022 02:16:24 PM: INFO: **************successful login ************* 
06/09/2022 02:16:24 PM: INFO: **************successfully grabbed add customer page 
06/09/2022 02:16:53 PM: INFO: ************Test_001_login running****************
06/09/2022 02:16:53 PM: INFO: ************** test_login is going to check********
06/09/2022 02:17:03 PM: INFO: **************successfully entered into url************
06/09/2022 02:17:10 PM: INFO: **************successful login ************* 
06/09/2022 02:17:12 PM: INFO: **************successfully grabbed add customer page 
06/09/2022 02:17:19 PM: INFO: added all information about customer. 
06/09/2022 02:17:19 PM: INFO: customer id is created 
06/09/2022 02:17:19 PM: INFO: **************creating account and  making deposit 
06/09/2022 02:17:31 PM: INFO: **************successfully passed the test
